# JRE version: OpenJDK Runtime Environment (8.0_202) (build 1.8.0_202-release-1483-b49-5587405)
# Java VM: OpenJDK 64-Bit Server VM (25.202-b49-5587405 mixed mode linux-amd64 compressed oops)
Heap:
 PSYoungGen      total 449024K, used 446566K [0x00000000e0000000, 0x0000000100000000, 0x0000000100000000)
  eden space 422912K, 99% used [0x00000000e0000000,0x00000000f9a9b938,0x00000000f9d00000)
  from space 26112K, 99% used [0x00000000f9d00000,0x00000000fb67df30,0x00000000fb680000)
  to   space 31232K, 0% used [0x00000000fe180000,0x00000000fe180000,0x0000000100000000)
 ParOldGen       total 257024K, used 40336K [0x00000000a0000000, 0x00000000afb00000, 0x00000000e0000000)
  object space 257024K, 15% used [0x00000000a0000000,0x00000000a2764100,0x00000000afb00000)
 Metaspace       used 79954K, capacity 84144K, committed 84312K, reserved 1122304K
  class space    used 10290K, capacity 11017K, committed 11096K, reserved 1048576K
GC Heap History (10 events):
Event: 5.785 GC heap before
{Heap before GC invocations=8 (full 2):
 PSYoungGen      total 202752K, used 186880K [0x00000000e0000000, 0x00000000f3f80000, 0x0000000100000000)
  eden space 186880K, 100% used [0x00000000e0000000,0x00000000eb680000,0x00000000eb680000)
  from space 15872K, 0% used [0x00000000eb680000,0x00000000eb680000,0x00000000ec600000)
  to   space 15872K, 0% used [0x00000000f3000000,0x00000000f3000000,0x00000000f3f80000)
 ParOldGen       total 183808K, used 18653K [0x00000000a0000000, 0x00000000ab380000, 0x00000000e0000000)
  object space 183808K, 10% used [0x00000000a0000000,0x00000000a1237410,0x00000000ab380000)
 Metaspace       used 48461K, capacity 49912K, committed 50048K, reserved 1093632K
  class space    used 6453K, capacity 6770K, committed 6784K, reserved 1048576K
Event: 5.812 GC heap after
Heap after GC invocations=8 (full 2):
 PSYoungGen      total 301056K, used 15859K [0x00000000e0000000, 0x00000000f3f80000, 0x0000000100000000)
  eden space 285184K, 0% used [0x00000000e0000000,0x00000000e0000000,0x00000000f1680000)
  from space 15872K, 99% used [0x00000000f3000000,0x00000000f3f7ce08,0x00000000f3f80000)
  to   space 20480K, 0% used [0x00000000f1780000,0x00000000f1780000,0x00000000f2b80000)
 ParOldGen       total 183808K, used 23935K [0x00000000a0000000, 0x00000000ab380000, 0x00000000e0000000)
  object space 183808K, 13% used [0x00000000a0000000,0x00000000a175fec8,0x00000000ab380000)
 Metaspace       used 48461K, capacity 49912K, committed 50048K, reserved 1093632K
  class space    used 6453K, capacity 6770K, committed 6784K, reserved 1048576K
}
Event: 7.017 GC heap before
{Heap before GC invocations=9 (full 2):
 PSYoungGen      total 301056K, used 122191K [0x00000000e0000000, 0x00000000f3f80000, 0x0000000100000000)
  eden space 285184K, 37% used [0x00000000e0000000,0x00000000e67d6f80,0x00000000f1680000)
  from space 15872K, 99% used [0x00000000f3000000,0x00000000f3f7ce08,0x00000000f3f80000)
  to   space 20480K, 0% used [0x00000000f1780000,0x00000000f1780000,0x00000000f2b80000)
 ParOldGen       total 183808K, used 23935K [0x00000000a0000000, 0x00000000ab380000, 0x00000000e0000000)
  object space 183808K, 13% used [0x00000000a0000000,0x00000000a175fec8,0x00000000ab380000)
 Metaspace       used 57136K, capacity 59006K, committed 59096K, reserved 1099776K
  class space    used 7670K, capacity 8088K, committed 8152K, reserved 1048576K
Event: 7.053 GC heap after
Heap after GC invocations=9 (full 2):
 PSYoungGen      total 306688K, used 20479K [0x00000000e0000000, 0x00000000fd280000, 0x0000000100000000)
  eden space 286208K, 0% used [0x00000000e0000000,0x00000000e0000000,0x00000000f1780000)
  from space 20480K, 99% used [0x00000000f1780000,0x00000000f2b7fe00,0x00000000f2b80000)
  to   space 24064K, 0% used [0x00000000fbb00000,0x00000000fbb00000,0x00000000fd280000)
 ParOldGen       total 183808K, used 25190K [0x00000000a0000000, 0x00000000ab380000, 0x00000000e0000000)
  object space 183808K, 13% used [0x00000000a0000000,0x00000000a1899a40,0x00000000ab380000)
 Metaspace       used 57136K, capacity 59006K, committed 59096K, reserved 1099776K
  class space    used 7670K, capacity 8088K, committed 8152K, reserved 1048576K
}
Event: 7.053 GC heap before
{Heap before GC invocations=10 (full 3):
 PSYoungGen      total 306688K, used 20479K [0x00000000e0000000, 0x00000000fd280000, 0x0000000100000000)
  eden space 286208K, 0% used [0x00000000e0000000,0x00000000e0000000,0x00000000f1780000)
  from space 20480K, 99% used [0x00000000f1780000,0x00000000f2b7fe00,0x00000000f2b80000)
  to   space 24064K, 0% used [0x00000000fbb00000,0x00000000fbb00000,0x00000000fd280000)
 ParOldGen       total 183808K, used 25190K [0x00000000a0000000, 0x00000000ab380000, 0x00000000e0000000)
  object space 183808K, 13% used [0x00000000a0000000,0x00000000a1899a40,0x00000000ab380000)
 Metaspace       used 57136K, capacity 59006K, committed 59096K, reserved 1099776K
  class space    used 7670K, capacity 8088K, committed 8152K, reserved 1048576K
Event: 7.249 GC heap after
Heap after GC invocations=10 (full 3):
 PSYoungGen      total 306688K, used 0K [0x00000000e0000000, 0x00000000fd280000, 0x0000000100000000)
  eden space 286208K, 0% used [0x00000000e0000000,0x00000000e0000000,0x00000000f1780000)
  from space 20480K, 0% used [0x00000000f1780000,0x00000000f1780000,0x00000000f2b80000)
  to   space 24064K, 0% used [0x00000000fbb00000,0x00000000fbb00000,0x00000000fd280000)
 ParOldGen       total 257024K, used 35644K [0x00000000a0000000, 0x00000000afb00000, 0x00000000e0000000)
  object space 257024K, 13% used [0x00000000a0000000,0x00000000a22cf040,0x00000000afb00000)
 Metaspace       used 57107K, capacity 58906K, committed 59096K, reserved 1099776K
  class space    used 7662K, capacity 8078K, committed 8152K, reserved 1048576K
}
Event: 18.690 GC heap before
{Heap before GC invocations=11 (full 3):
 PSYoungGen      total 306688K, used 286208K [0x00000000e0000000, 0x00000000fd280000, 0x0000000100000000)
  eden space 286208K, 100% used [0x00000000e0000000,0x00000000f1780000,0x00000000f1780000)
  from space 20480K, 0% used [0x00000000f1780000,0x00000000f1780000,0x00000000f2b80000)
  to   space 24064K, 0% used [0x00000000fbb00000,0x00000000fbb00000,0x00000000fd280000)
 ParOldGen       total 257024K, used 35644K [0x00000000a0000000, 0x00000000afb00000, 0x00000000e0000000)
  object space 257024K, 13% used [0x00000000a0000000,0x00000000a22cf040,0x00000000afb00000)
 Metaspace       used 69814K, capacity 72488K, committed 72664K, reserved 1112064K
  class space    used 9349K, capacity 9881K, committed 9944K, reserved 1048576K
Event: 18.708 GC heap after
Heap after GC invocations=11 (full 3):
 PSYoungGen      total 422912K, used 21093K [0x00000000e0000000, 0x00000000fd000000, 0x0000000100000000)
  eden space 401408K, 0% used [0x00000000e0000000,0x00000000e0000000,0x00000000f8800000)
  from space 21504K, 98% used [0x00000000fbb00000,0x00000000fcf99620,0x00000000fd000000)
  to   space 26112K, 0% used [0x00000000f9d00000,0x00000000f9d00000,0x00000000fb680000)
 ParOldGen       total 257024K, used 35652K [0x00000000a0000000, 0x00000000afb00000, 0x00000000e0000000)
  object space 257024K, 13% used [0x00000000a0000000,0x00000000a22d1040,0x00000000afb00000)
 Metaspace       used 69814K, capacity 72488K, committed 72664K, reserved 1112064K
  class space    used 9349K, capacity 9881K, committed 9944K, reserved 1048576K
}
Event: 4238.234 GC heap before
{Heap before GC invocations=12 (full 3):
 PSYoungGen      total 422912K, used 422501K [0x00000000e0000000, 0x00000000fd000000, 0x0000000100000000)
  eden space 401408K, 100% used [0x00000000e0000000,0x00000000f8800000,0x00000000f8800000)
  from space 21504K, 98% used [0x00000000fbb00000,0x00000000fcf99620,0x00000000fd000000)
  to   space 26112K, 0% used [0x00000000f9d00000,0x00000000f9d00000,0x00000000fb680000)
 ParOldGen       total 257024K, used 35652K [0x00000000a0000000, 0x00000000afb00000, 0x00000000e0000000)
  object space 257024K, 13% used [0x00000000a0000000,0x00000000a22d1040,0x00000000afb00000)
 Metaspace       used 78421K, capacity 81810K, committed 82008K, reserved 1120256K
  class space    used 10131K, capacity 10815K, committed 10840K, reserved 1048576K
Event: 4238.288 GC heap after
Heap after GC invocations=12 (full 3):
 PSYoungGen      total 449024K, used 26103K [0x00000000e0000000, 0x0000000100000000, 0x0000000100000000)
  eden space 422912K, 0% used [0x00000000e0000000,0x00000000e0000000,0x00000000f9d00000)
  from space 26112K, 99% used [0x00000000f9d00000,0x00000000fb67df30,0x00000000fb680000)
  to   space 31232K, 0% used [0x00000000fe180000,0x00000000fe180000,0x0000000100000000)
 ParOldGen       total 257024K, used 40336K [0x00000000a0000000, 0x00000000afb00000, 0x00000000e0000000)
  object space 257024K, 15% used [0x00000000a0000000,0x00000000a2764100,0x00000000afb00000)
 Metaspace       used 78421K, capacity 81810K, committed 82008K, reserved 1120256K
  class space    used 10131K, capacity 10815K, committed 10840K, reserved 1048576K
}

